This is pdfTeX, Version 3.14159265-2.6-1.40.16 (TeX Live 2015) (preloaded format=pdflatex 2015.5.24)  22 MAR 2016 02:33
entering extended mode
 restricted \write18 enabled.
 %&-line parsing enabled.
**thesis.tex
(./thesis.tex
LaTeX2e <2015/01/01>
Babel <3.9l> and hyphenation patterns for 79 languages loaded.
(./sigplanconf.cls
Document Class: sigplanconf 2015/12/03 v3.2 ACM SIGPLAN Proceedings
\@numheaddepth=\count79
(/usr/local/texlive/2015/texmf-dist/tex/latex/base/article.cls
Document Class: article 2014/09/29 v1.4h Standard LaTeX document class
(/usr/local/texlive/2015/texmf-dist/tex/latex/base/size10.clo
File: size10.clo 2014/09/29 v1.4h Standard LaTeX file (size option)
)
\c@part=\count80
\c@section=\count81
\c@subsection=\count82
\c@subsubsection=\count83
\c@paragraph=\count84
\c@subparagraph=\count85
\c@figure=\count86
\c@table=\count87
\abovecaptionskip=\skip41
\belowcaptionskip=\skip42
\bibindent=\dimen102
)
\standardtextwidth=\dimen103
\standardvspace=\skip43

Using natbib package with 'authoryear' citation style.
(/usr/local/texlive/2015/texmf-dist/tex/latex/natbib/natbib.sty
Package: natbib 2010/09/13 8.31b (PWD, AO)
\bibhang=\skip44
\bibsep=\skip45
LaTeX Info: Redefining \cite on input line 694.
\c@NAT@ctr=\count88
)
\@sectionaboveskip=\skip46
\@sectionbelowskip=\skip47
\@subsectionaboveskip=\skip48
\@subsectionbelowskip=\skip49
\@paragraphaboveskip=\skip50
\@authorcount=\count89
\@titlenotecount=\count90
\@titlenotetext=\toks14
\@fnmark=\toks15
\@authori=\count91
\@measbox=\box26
)
(/usr/local/texlive/2015/texmf-dist/tex/latex/amsmath/amsmath.sty
Package: amsmath 2013/01/14 v2.14 AMS math features
\@mathmargin=\skip51

For additional information on amsmath, use the `?' option.
(/usr/local/texlive/2015/texmf-dist/tex/latex/amsmath/amstext.sty
Package: amstext 2000/06/29 v2.01

(/usr/local/texlive/2015/texmf-dist/tex/latex/amsmath/amsgen.sty
File: amsgen.sty 1999/11/30 v2.0
\@emptytoks=\toks16
\ex@=\dimen104
))
(/usr/local/texlive/2015/texmf-dist/tex/latex/amsmath/amsbsy.sty
Package: amsbsy 1999/11/29 v1.2d
\pmbraise@=\dimen105
)
(/usr/local/texlive/2015/texmf-dist/tex/latex/amsmath/amsopn.sty
Package: amsopn 1999/12/14 v2.01 operator names
)
\inf@bad=\count92
LaTeX Info: Redefining \frac on input line 210.
\uproot@=\count93
\leftroot@=\count94
LaTeX Info: Redefining \overline on input line 306.
\classnum@=\count95
\DOTSCASE@=\count96
LaTeX Info: Redefining \ldots on input line 378.
LaTeX Info: Redefining \dots on input line 381.
LaTeX Info: Redefining \cdots on input line 466.
\Mathstrutbox@=\box27
\strutbox@=\box28
\big@size=\dimen106
LaTeX Font Info:    Redeclaring font encoding OML on input line 566.
LaTeX Font Info:    Redeclaring font encoding OMS on input line 567.
\macc@depth=\count97
\c@MaxMatrixCols=\count98
\dotsspace@=\muskip10
\c@parentequation=\count99
\dspbrk@lvl=\count100
\tag@help=\toks17
\row@=\count101
\column@=\count102
\maxfields@=\count103
\andhelp@=\toks18
\eqnshift@=\dimen107
\alignsep@=\dimen108
\tagshift@=\dimen109
\tagwidth@=\dimen110
\totwidth@=\dimen111
\lineht@=\dimen112
\@envbody=\toks19
\multlinegap=\skip52
\multlinetaggap=\skip53
\mathdisplay@stack=\toks20
LaTeX Info: Redefining \[ on input line 2665.
LaTeX Info: Redefining \] on input line 2666.
)
(/usr/local/texlive/2015/texmf-dist/tex/latex/graphics/graphicx.sty
Package: graphicx 2014/10/28 v1.0g Enhanced LaTeX Graphics (DPC,SPQR)

(/usr/local/texlive/2015/texmf-dist/tex/latex/graphics/keyval.sty
Package: keyval 2014/10/28 v1.15 key=value parser (DPC)
\KV@toks@=\toks21
)
(/usr/local/texlive/2015/texmf-dist/tex/latex/graphics/graphics.sty
Package: graphics 2014/10/28 v1.0p Standard LaTeX Graphics (DPC,SPQR)

(/usr/local/texlive/2015/texmf-dist/tex/latex/graphics/trig.sty
Package: trig 1999/03/16 v1.09 sin cos tan (DPC)
)
(/usr/local/texlive/2015/texmf-dist/tex/latex/latexconfig/graphics.cfg
File: graphics.cfg 2010/04/23 v1.9 graphics configuration of TeX Live
)
Package graphics Info: Driver file: pdftex.def on input line 94.

(/usr/local/texlive/2015/texmf-dist/tex/latex/pdftex-def/pdftex.def
File: pdftex.def 2011/05/27 v0.06d Graphics/color for pdfTeX

(/usr/local/texlive/2015/texmf-dist/tex/generic/oberdiek/infwarerr.sty
Package: infwarerr 2010/04/08 v1.3 Providing info/warning/error messages (HO)
)
(/usr/local/texlive/2015/texmf-dist/tex/generic/oberdiek/ltxcmds.sty
Package: ltxcmds 2011/11/09 v1.22 LaTeX kernel commands for general use (HO)
)
\Gread@gobject=\count104
))
\Gin@req@height=\dimen113
\Gin@req@width=\dimen114
)
(/usr/local/texlive/2015/texmf-dist/tex/latex/tipa/tipa.sty
Package: tipa 2002/08/08 TIPA version 1.1

(/usr/local/texlive/2015/texmf-dist/tex/latex/base/fontenc.sty
Package: fontenc 2005/09/27 v1.99g Standard LaTeX package

(/usr/local/texlive/2015/texmf-dist/tex/latex/tipa/t3enc.def
File: t3enc.def 2001/12/31 T3 encoding
)
(/usr/local/texlive/2015/texmf-dist/tex/latex/base/ot1enc.def
File: ot1enc.def 2005/09/27 v1.99g Standard LaTeX file
LaTeX Font Info:    Redeclaring font encoding OT1 on input line 48.
)))
(/usr/local/texlive/2015/texmf-dist/tex/latex/float/float.sty
Package: float 2001/11/08 v1.3d Float enhancements (AL)
\c@float@type=\count105
\float@exts=\toks22
\float@box=\box29
\@float@everytoks=\toks23
\@floatcapt=\box30
) (./thesis.aux)
\openout1 = `thesis.aux'.

LaTeX Font Info:    Checking defaults for OML/cmm/m/it on input line 18.
LaTeX Font Info:    ... okay on input line 18.
LaTeX Font Info:    Checking defaults for T1/cmr/m/n on input line 18.
LaTeX Font Info:    ... okay on input line 18.
LaTeX Font Info:    Checking defaults for OT1/cmr/m/n on input line 18.
LaTeX Font Info:    ... okay on input line 18.
LaTeX Font Info:    Checking defaults for OMS/cmsy/m/n on input line 18.
LaTeX Font Info:    ... okay on input line 18.
LaTeX Font Info:    Checking defaults for OMX/cmex/m/n on input line 18.
LaTeX Font Info:    ... okay on input line 18.
LaTeX Font Info:    Checking defaults for U/cmr/m/n on input line 18.
LaTeX Font Info:    ... okay on input line 18.
LaTeX Font Info:    Checking defaults for T3/cmr/m/n on input line 18.
LaTeX Font Info:    Try loading font information for T3+cmr on input line 18.

(/usr/local/texlive/2015/texmf-dist/tex/latex/tipa/t3cmr.fd
File: t3cmr.fd 2001/12/31 TIPA font definitions
)
LaTeX Font Info:    ... okay on input line 18.
LaTeX Font Info:    Try loading font information for OT1+ptm on input line 18.

(/usr/local/texlive/2015/texmf-dist/tex/latex/psnfss/ot1ptm.fd
File: ot1ptm.fd 2001/06/04 font definitions for OT1/ptm.
)
(/usr/local/texlive/2015/texmf-dist/tex/context/base/supp-pdf.mkii
[Loading MPS to PDF converter (version 2006.09.02).]
\scratchcounter=\count106
\scratchdimen=\dimen115
\scratchbox=\box31
\nofMPsegments=\count107
\nofMParguments=\count108
\everyMPshowfont=\toks24
\MPscratchCnt=\count109
\MPscratchDim=\dimen116
\MPnumerator=\count110
\makeMPintoPDFobject=\count111
\everyMPtoPDFconversion=\toks25
) (/usr/local/texlive/2015/texmf-dist/tex/generic/oberdiek/pdftexcmds.sty
Package: pdftexcmds 2011/11/29 v0.20 Utility functions of pdfTeX for LuaTeX (HO
)

(/usr/local/texlive/2015/texmf-dist/tex/generic/oberdiek/ifluatex.sty
Package: ifluatex 2010/03/01 v1.3 Provides the ifluatex switch (HO)
Package ifluatex Info: LuaTeX not detected.
)
(/usr/local/texlive/2015/texmf-dist/tex/generic/oberdiek/ifpdf.sty
Package: ifpdf 2011/01/30 v2.3 Provides the ifpdf switch (HO)
Package ifpdf Info: pdfTeX in PDF mode is detected.
)
Package pdftexcmds Info: LuaTeX not detected.
Package pdftexcmds Info: \pdf@primitive is available.
Package pdftexcmds Info: \pdf@ifprimitive is available.
Package pdftexcmds Info: \pdfdraftmode found.
)
(/usr/local/texlive/2015/texmf-dist/tex/latex/oberdiek/epstopdf-base.sty
Package: epstopdf-base 2010/02/09 v2.5 Base part for package epstopdf

(/usr/local/texlive/2015/texmf-dist/tex/latex/oberdiek/grfext.sty
Package: grfext 2010/08/19 v1.1 Manage graphics extensions (HO)

(/usr/local/texlive/2015/texmf-dist/tex/generic/oberdiek/kvdefinekeys.sty
Package: kvdefinekeys 2011/04/07 v1.3 Define keys (HO)
))
(/usr/local/texlive/2015/texmf-dist/tex/latex/oberdiek/kvoptions.sty
Package: kvoptions 2011/06/30 v3.11 Key value format for package options (HO)

(/usr/local/texlive/2015/texmf-dist/tex/generic/oberdiek/kvsetkeys.sty
Package: kvsetkeys 2012/04/25 v1.16 Key value parser (HO)

(/usr/local/texlive/2015/texmf-dist/tex/generic/oberdiek/etexcmds.sty
Package: etexcmds 2011/02/16 v1.5 Avoid name clashes with e-TeX commands (HO)
Package etexcmds Info: Could not find \expanded.
(etexcmds)             That can mean that you are not using pdfTeX 1.50 or
(etexcmds)             that some package has redefined \expanded.
(etexcmds)             In the latter case, load this package earlier.
)))
Package grfext Info: Graphics extension search list:
(grfext)             [.png,.pdf,.jpg,.mps,.jpeg,.jbig2,.jb2,.PNG,.PDF,.JPG,.JPE
G,.JBIG2,.JB2,.eps]
(grfext)             \AppendGraphicsExtensions on input line 452.

(/usr/local/texlive/2015/texmf-dist/tex/latex/latexconfig/epstopdf-sys.cfg
File: epstopdf-sys.cfg 2010/07/13 v1.3 Configuration of (r)epstopdf for TeX Liv
e
))
LaTeX Font Info:    Font shape `OT1/ptm/bx/n' in size <9> not available
(Font)              Font shape `OT1/ptm/b/n' tried instead on input line 47.
LaTeX Font Info:    Font shape `OT1/ptm/bx/n' in size <18> not available
(Font)              Font shape `OT1/ptm/b/n' tried instead on input line 47.
LaTeX Font Info:    Font shape `OT1/ptm/bx/n' in size <11> not available
(Font)              Font shape `OT1/ptm/b/n' tried instead on input line 49.
LaTeX Font Info:    Font shape `OT1/ptm/bx/it' in size <9> not available
(Font)              Font shape `OT1/ptm/b/it' tried instead on input line 56.
Package epstopdf Info: Source file: <images/linkedlist.eps>
(epstopdf)                    date: 2016-03-22 02:32:56
(epstopdf)                    size: 25580 bytes
(epstopdf)             Output file: <images/linkedlist-eps-converted-to.pdf>
(epstopdf)                    date: 2016-03-22 02:22:03
(epstopdf)                    size: 7332 bytes
(epstopdf)             Command: <repstopdf --outfile=images/linkedlist-eps-conv
erted-to.pdf images/linkedlist.eps>
(epstopdf)             \includegraphics on input line 74.
runsystem(repstopdf --outfile=images/linkedlist-eps-converted-to.pdf images/lin
kedlist.eps)...executed safely (allowed).

Package epstopdf Info: Result file: <images/linkedlist-eps-converted-to.pdf>
(epstopdf)                    date: 2016-03-22 02:33:33
(epstopdf)                    size: 7332 bytes.

<images/linkedlist-eps-converted-to.pdf, id=1, 493.845pt x 49.18375pt>
File: images/linkedlist-eps-converted-to.pdf Graphic file (type pdf)

<use images/linkedlist-eps-converted-to.pdf>
Package pdftex.def Info: images/linkedlist-eps-converted-to.pdf used on input l
ine 74.
(pdftex.def)             Requested size: 172.84833pt x 17.21455pt.
Package epstopdf Info: Source file: <images/linkedlist2.eps>
(epstopdf)                    date: 2016-03-22 02:32:56
(epstopdf)                    size: 26427 bytes
(epstopdf)             Output file: <images/linkedlist2-eps-converted-to.pdf>
(epstopdf)                    date: 2016-03-22 02:22:04
(epstopdf)                    size: 7500 bytes
(epstopdf)             Command: <repstopdf --outfile=images/linkedlist2-eps-con
verted-to.pdf images/linkedlist2.eps>
(epstopdf)             \includegraphics on input line 80.
runsystem(repstopdf --outfile=images/linkedlist2-eps-converted-to.pdf images/li
nkedlist2.eps)...executed safely (allowed).

Package epstopdf Info: Result file: <images/linkedlist2-eps-converted-to.pdf>
(epstopdf)                    date: 2016-03-22 02:33:34
(epstopdf)                    size: 7500 bytes.

<images/linkedlist2-eps-converted-to.pdf, id=2, 493.845pt x 49.18375pt>
File: images/linkedlist2-eps-converted-to.pdf Graphic file (type pdf)

<use images/linkedlist2-eps-converted-to.pdf>
Package pdftex.def Info: images/linkedlist2-eps-converted-to.pdf used on input 
line 80.
(pdftex.def)             Requested size: 172.84833pt x 17.21455pt.
Package epstopdf Info: Source file: <images/linkedlist3.eps>
(epstopdf)                    date: 2016-03-22 02:32:56
(epstopdf)                    size: 28827 bytes
(epstopdf)             Output file: <images/linkedlist3-eps-converted-to.pdf>
(epstopdf)                    date: 2016-03-22 02:22:06
(epstopdf)                    size: 7760 bytes
(epstopdf)             Command: <repstopdf --outfile=images/linkedlist3-eps-con
verted-to.pdf images/linkedlist3.eps>
(epstopdf)             \includegraphics on input line 87.
runsystem(repstopdf --outfile=images/linkedlist3-eps-converted-to.pdf images/li
nkedlist3.eps)...executed safely (allowed).

Package epstopdf Info: Result file: <images/linkedlist3-eps-converted-to.pdf>
(epstopdf)                    date: 2016-03-22 02:33:35
(epstopdf)                    size: 7920 bytes.

<images/linkedlist3-eps-converted-to.pdf, id=3, 494.84875pt x 140.525pt>
File: images/linkedlist3-eps-converted-to.pdf Graphic file (type pdf)

<use images/linkedlist3-eps-converted-to.pdf>
Package pdftex.def Info: images/linkedlist3-eps-converted-to.pdf used on input 
line 87.
(pdftex.def)             Requested size: 173.19966pt x 49.18448pt.
Package epstopdf Info: Source file: <images/treefig.eps>
(epstopdf)                    date: 2016-03-22 02:32:56
(epstopdf)                    size: 32885 bytes
(epstopdf)             Output file: <images/treefig-eps-converted-to.pdf>
(epstopdf)                    date: 2016-03-22 02:22:08
(epstopdf)                    size: 8553 bytes
(epstopdf)             Command: <repstopdf --outfile=images/treefig-eps-convert
ed-to.pdf images/treefig.eps>
(epstopdf)             \includegraphics on input line 96.
runsystem(repstopdf --outfile=images/treefig-eps-converted-to.pdf images/treefi
g.eps)...executed safely (allowed).

Package epstopdf Info: Result file: <images/treefig-eps-converted-to.pdf>
(epstopdf)                    date: 2016-03-22 02:33:37
(epstopdf)                    size: 8553 bytes.

<images/treefig-eps-converted-to.pdf, id=4, 390.45876pt x 349.305pt>
File: images/treefig-eps-converted-to.pdf Graphic file (type pdf)

<use images/treefig-eps-converted-to.pdf>
Package pdftex.def Info: images/treefig-eps-converted-to.pdf used on input line
 96.
(pdftex.def)             Requested size: 167.89398pt x 150.19821pt.
Package epstopdf Info: Source file: <images/treefig2.eps>
(epstopdf)                    date: 2016-03-22 02:32:56
(epstopdf)                    size: 35984 bytes
(epstopdf)             Output file: <images/treefig2-eps-converted-to.pdf>
(epstopdf)                    date: 2016-03-22 02:22:11
(epstopdf)                    size: 8964 bytes
(epstopdf)             Command: <repstopdf --outfile=images/treefig2-eps-conver
ted-to.pdf images/treefig2.eps>
(epstopdf)             \includegraphics on input line 104.
runsystem(repstopdf --outfile=images/treefig2-eps-converted-to.pdf images/treef
ig2.eps)...executed safely (allowed).

Package epstopdf Info: Result file: <images/treefig2-eps-converted-to.pdf>
(epstopdf)                    date: 2016-03-22 02:33:39
(epstopdf)                    size: 8964 bytes.

<images/treefig2-eps-converted-to.pdf, id=5, 501.875pt x 348.30125pt>
File: images/treefig2-eps-converted-to.pdf Graphic file (type pdf)

<use images/treefig2-eps-converted-to.pdf>
Package pdftex.def Info: images/treefig2-eps-converted-to.pdf used on input lin
e 104.
(pdftex.def)             Requested size: 215.80203pt x 149.76662pt.
 [1{/usr/local/texlive/2015/texmf-var/fonts/map/pdftex/updmap/pdftex.map}


Non-PDF special ignored!

 <./images/linkedlist-eps-converted-to.pdf> <./images/linkedlist2-eps-converted
-to.pdf> <./images/linkedlist3-eps-converted-to.pdf> <./images/treefig-eps-conv
erted-to.pdf>]
LaTeX Font Info:    Try loading font information for T3+ptm on input line 124.

(/usr/local/texlive/2015/texmf-dist/tex/latex/tipa/t3ptm.fd
File: t3ptm.fd 2001/12/31 TIPA font definitions
)
LaTeX Font Info:    Try loading font information for OMS+ptm on input line 127.


(/usr/local/texlive/2015/texmf-dist/tex/latex/psnfss/omsptm.fd
File: omsptm.fd 
)
LaTeX Font Info:    Font shape `OMS/ptm/m/n' in size <8> not available
(Font)              Font shape `OMS/cmsy/m/n' tried instead on input line 127.
Package epstopdf Info: Source file: <images/trie1.eps>
(epstopdf)                    date: 2016-03-22 02:32:56
(epstopdf)                    size: 30381 bytes
(epstopdf)             Output file: <images/trie1-eps-converted-to.pdf>
(epstopdf)                    date: 2016-03-22 02:22:12
(epstopdf)                    size: 8383 bytes
(epstopdf)             Command: <repstopdf --outfile=images/trie1-eps-converted
-to.pdf images/trie1.eps>
(epstopdf)             \includegraphics on input line 139.
runsystem(repstopdf --outfile=images/trie1-eps-converted-to.pdf images/trie1.ep
s)...executed safely (allowed).

Package epstopdf Info: Result file: <images/trie1-eps-converted-to.pdf>
(epstopdf)                    date: 2016-03-22 02:33:41
(epstopdf)                    size: 8383 bytes.

<images/trie1-eps-converted-to.pdf, id=52, 313.17pt x 262.9825pt>
File: images/trie1-eps-converted-to.pdf Graphic file (type pdf)

<use images/trie1-eps-converted-to.pdf>
Package pdftex.def Info: images/trie1-eps-converted-to.pdf used on input line 1
39.
(pdftex.def)             Requested size: 156.58461pt x 131.49092pt.
Package epstopdf Info: Source file: <images/trie2.eps>
(epstopdf)                    date: 2016-03-22 02:32:56
(epstopdf)                    size: 43471 bytes
(epstopdf)             Output file: <images/trie2-eps-converted-to.pdf>
(epstopdf)                    date: 2016-03-22 02:22:14
(epstopdf)                    size: 11037 bytes
(epstopdf)             Command: <repstopdf --outfile=images/trie2-eps-converted
-to.pdf images/trie2.eps>
(epstopdf)             \includegraphics on input line 146.
runsystem(repstopdf --outfile=images/trie2-eps-converted-to.pdf images/trie2.ep
s)...executed safely (allowed).

Package epstopdf Info: Result file: <images/trie2-eps-converted-to.pdf>
(epstopdf)                    date: 2016-03-22 02:33:42
(epstopdf)                    size: 11037 bytes.

<images/trie2-eps-converted-to.pdf, id=53, 384.43625pt x 406.51875pt>
File: images/trie2-eps-converted-to.pdf Graphic file (type pdf)

<use images/trie2-eps-converted-to.pdf>
Package pdftex.def Info: images/trie2-eps-converted-to.pdf used on input line 1
46.
(pdftex.def)             Requested size: 192.21765pt x 203.25887pt.
Package epstopdf Info: Source file: <images/trie2actual.eps>
(epstopdf)                    date: 2016-03-22 02:32:56
(epstopdf)                    size: 66425 bytes
(epstopdf)             Output file: <images/trie2actual-eps-converted-to.pdf>
(epstopdf)                    date: 2016-03-22 02:22:17
(epstopdf)                    size: 14349 bytes
(epstopdf)             Command: <repstopdf --outfile=images/trie2actual-eps-con
verted-to.pdf images/trie2actual.eps>
(epstopdf)             \includegraphics on input line 152.
runsystem(repstopdf --outfile=images/trie2actual-eps-converted-to.pdf images/tr
ie2actual.eps)...executed safely (allowed).

Package epstopdf Info: Result file: <images/trie2actual-eps-converted-to.pdf>
(epstopdf)                    date: 2016-03-22 02:33:45
(epstopdf)                    size: 14349 bytes.

<images/trie2actual-eps-converted-to.pdf, id=54, 511.9125pt x 317.185pt>
File: images/trie2actual-eps-converted-to.pdf Graphic file (type pdf)

<use images/trie2actual-eps-converted-to.pdf>
Package pdftex.def Info: images/trie2actual-eps-converted-to.pdf used on input 
line 152.
(pdftex.def)             Requested size: 240.5989pt x 149.07695pt.

Overfull \hbox (0.5989pt too wide) in paragraph at lines 152--154
 [][] 
 []


Underfull \vbox (badness 10000) has occurred while \output is active []

 [2 <./images/treefig2-eps-converted-to.pdf> <./images/trie1-eps-converted-to.p
df> <./images/trie2-eps-converted-to.pdf>]
Package epstopdf Info: Source file: <images/bitmask.eps>
(epstopdf)                    date: 2016-03-22 02:32:56
(epstopdf)                    size: 62209 bytes
(epstopdf)             Output file: <images/bitmask-eps-converted-to.pdf>
(epstopdf)                    date: 2016-03-22 02:22:21
(epstopdf)                    size: 13604 bytes
(epstopdf)             Command: <repstopdf --outfile=images/bitmask-eps-convert
ed-to.pdf images/bitmask.eps>
(epstopdf)             \includegraphics on input line 164.
runsystem(repstopdf --outfile=images/bitmask-eps-converted-to.pdf images/bitmas
k.eps)...executed safely (allowed).

Package epstopdf Info: Result file: <images/bitmask-eps-converted-to.pdf>
(epstopdf)                    date: 2016-03-22 02:33:48
(epstopdf)                    size: 13604 bytes.

<images/bitmask-eps-converted-to.pdf, id=92, 553.06625pt x 207.77625pt>
File: images/bitmask-eps-converted-to.pdf Graphic file (type pdf)

<use images/bitmask-eps-converted-to.pdf>
Package pdftex.def Info: images/bitmask-eps-converted-to.pdf used on input line
 164.
(pdftex.def)             Requested size: 237.81384pt x 89.34203pt.
Package epstopdf Info: Source file: <images/bitmask2.eps>
(epstopdf)                    date: 2016-03-22 02:32:56
(epstopdf)                    size: 70274 bytes
(epstopdf)             Output file: <images/bitmask2-eps-converted-to.pdf>
(epstopdf)                    date: 2016-03-22 02:22:25
(epstopdf)                    size: 14951 bytes
(epstopdf)             Command: <repstopdf --outfile=images/bitmask2-eps-conver
ted-to.pdf images/bitmask2.eps>
(epstopdf)             \includegraphics on input line 174.
runsystem(repstopdf --outfile=images/bitmask2-eps-converted-to.pdf images/bitma
sk2.eps)...executed safely (allowed).

Package epstopdf Info: Result file: <images/bitmask2-eps-converted-to.pdf>
(epstopdf)                    date: 2016-03-22 02:33:51
(epstopdf)                    size: 14951 bytes.

<images/bitmask2-eps-converted-to.pdf, id=93, 492.84125pt x 465.74pt>
File: images/bitmask2-eps-converted-to.pdf Graphic file (type pdf)

<use images/bitmask2-eps-converted-to.pdf>
Package pdftex.def Info: images/bitmask2-eps-converted-to.pdf used on input lin
e 174.
(pdftex.def)             Requested size: 221.7765pt x 209.58105pt.

Underfull \vbox (badness 10000) has occurred while \output is active []

Package epstopdf Info: Source file: <images/nodewithbitmaps.eps>
(epstopdf)                    date: 2016-03-22 02:32:56
(epstopdf)                    size: 66960 bytes
(epstopdf)             Output file: <images/nodewithbitmaps-eps-converted-to.pd
f>
(epstopdf)                    date: 2016-03-22 02:22:31
(epstopdf)                    size: 13806 bytes
(epstopdf)             Command: <repstopdf --outfile=images/nodewithbitmaps-eps
-converted-to.pdf images/nodewithbitmaps.eps>
(epstopdf)             \includegraphics on input line 182.
runsystem(repstopdf --outfile=images/nodewithbitmaps-eps-converted-to.pdf image
s/nodewithbitmaps.eps)...executed safely (allowed).

Package epstopdf Info: Result file: <images/nodewithbitmaps-eps-converted-to.pd
f>
(epstopdf)                    date: 2016-03-22 02:33:57
(epstopdf)                    size: 13806 bytes.

<images/nodewithbitmaps-eps-converted-to.pdf, id=94, 536.0025pt x 293.095pt>
File: images/nodewithbitmaps-eps-converted-to.pdf Graphic file (type pdf)

<use images/nodewithbitmaps-eps-converted-to.pdf>
Package pdftex.def Info: images/nodewithbitmaps-eps-converted-to.pdf used on in
put line 182.
(pdftex.def)             Requested size: 241.1989pt x 131.89153pt.

Overfull \hbox (1.1989pt too wide) in paragraph at lines 182--184
 [][] 
 []

Package epstopdf Info: Source file: <images/balancing.eps>
(epstopdf)                    date: 2016-03-22 02:32:56
(epstopdf)                    size: 52125 bytes
(epstopdf)             Output file: <images/balancing-eps-converted-to.pdf>
(epstopdf)                    date: 2016-03-22 02:22:33
(epstopdf)                    size: 12418 bytes
(epstopdf)             Command: <repstopdf --outfile=images/balancing-eps-conve
rted-to.pdf images/balancing.eps>
(epstopdf)             \includegraphics on input line 195.
runsystem(repstopdf --outfile=images/balancing-eps-converted-to.pdf images/bala
ncing.eps)...executed safely (allowed).

Package epstopdf Info: Result file: <images/balancing-eps-converted-to.pdf>
(epstopdf)                    date: 2016-03-22 02:33:59
(epstopdf)                    size: 12418 bytes.
<images/balancing-eps-converted-to.pdf, id=95, 469.755pt x 403.5075pt>
File: images/balancing-eps-converted-to.pdf Graphic file (type pdf)

<use images/balancing-eps-converted-to.pdf>
Package pdftex.def Info: images/balancing-eps-converted-to.pdf used on input li
ne 195.
(pdftex.def)             Requested size: 211.3878pt x 181.57669pt.
 [3 <./images/trie2actual-eps-converted-to.pdf> <./images/bitmask-eps-converted
-to.pdf> <./images/bitmask2-eps-converted-to.pdf> <./images/nodewithbitmaps-eps
-converted-to.pdf>]
Package epstopdf Info: Source file: <images/balancing2.eps>
(epstopdf)                    date: 2016-03-22 02:32:56
(epstopdf)                    size: 40709 bytes
(epstopdf)             Output file: <images/balancing2-eps-converted-to.pdf>
(epstopdf)                    date: 2016-03-22 02:22:34
(epstopdf)                    size: 9992 bytes
(epstopdf)             Command: <repstopdf --outfile=images/balancing2-eps-conv
erted-to.pdf images/balancing2.eps>
(epstopdf)             \includegraphics on input line 200.
runsystem(repstopdf --outfile=images/balancing2-eps-converted-to.pdf images/bal
ancing2.eps)...executed safely (allowed).

Package epstopdf Info: Result file: <images/balancing2-eps-converted-to.pdf>
(epstopdf)                    date: 2016-03-22 02:34:00
(epstopdf)                    size: 9992 bytes.

<images/balancing2-eps-converted-to.pdf, id=155, 459.7175pt x 323.2075pt>
File: images/balancing2-eps-converted-to.pdf Graphic file (type pdf)

<use images/balancing2-eps-converted-to.pdf>
Package pdftex.def Info: images/balancing2-eps-converted-to.pdf used on input l
ine 200.
(pdftex.def)             Requested size: 206.87096pt x 145.44203pt.
Package epstopdf Info: Source file: <images/buffers.eps>
(epstopdf)                    date: 2016-03-22 02:32:56
(epstopdf)                    size: 71737 bytes
(epstopdf)             Output file: <images/buffers-eps-converted-to.pdf>
(epstopdf)                    date: 2016-03-22 02:22:41
(epstopdf)                    size: 14571 bytes
(epstopdf)             Command: <repstopdf --outfile=images/buffers-eps-convert
ed-to.pdf images/buffers.eps>
(epstopdf)             \includegraphics on input line 213.
runsystem(repstopdf --outfile=images/buffers-eps-converted-to.pdf images/buffer
s.eps)...executed safely (allowed).

Package epstopdf Info: Result file: <images/buffers-eps-converted-to.pdf>
(epstopdf)                    date: 2016-03-22 02:34:07
(epstopdf)                    size: 14571 bytes.

<images/buffers-eps-converted-to.pdf, id=156, 596.2275pt x 302.12875pt>
File: images/buffers-eps-converted-to.pdf Graphic file (type pdf)

<use images/buffers-eps-converted-to.pdf>
Package pdftex.def Info: images/buffers-eps-converted-to.pdf used on input line
 213.
(pdftex.def)             Requested size: 250.41383pt x 126.8932pt.

Overfull \hbox (10.41383pt too wide) in paragraph at lines 213--215
 [][] 
 []


Underfull \vbox (badness 10000) has occurred while \output is active []

 [4 <./images/balancing-eps-converted-to.pdf> <./images/balancing2-eps-converte
d-to.pdf> <./images/buffers-eps-converted-to.pdf>] (./thesis.aux) ) 
Here is how much of TeX's memory you used:
 3866 strings out of 493089
 50791 string characters out of 6134842
 116337 words of memory out of 5000000
 7269 multiletter control sequences out of 15000+600000
 26032 words of font info for 47 fonts, out of 8000000 for 9000
 1141 hyphenation exceptions out of 8191
 37i,7n,34p,270b,223s stack positions out of 5000i,500n,10000p,200000b,80000s
{/usr/local/
texlive/2015/texmf-dist/fonts/enc/dvips/base/8r.enc}</usr/local/texlive/2015/te
xmf-dist/fonts/type1/public/amsfonts/cm/cmss9.pfb></usr/local/texlive/2015/texm
f-dist/fonts/type1/public/amsfonts/cm/cmsy8.pfb></usr/local/texlive/2015/texmf-
dist/fonts/type1/public/amsfonts/cm/cmtt9.pfb></usr/local/texlive/2015/texmf-di
st/fonts/type1/urw/times/utmb8a.pfb></usr/local/texlive/2015/texmf-dist/fonts/t
ype1/urw/times/utmbi8a.pfb></usr/local/texlive/2015/texmf-dist/fonts/type1/urw/
times/utmr8a.pfb></usr/local/texlive/2015/texmf-dist/fonts/type1/urw/times/utmr
i8a.pfb></usr/local/texlive/2015/texmf-dist/fonts/type1/public/tipa/xipa10.pfb>

Output written on thesis.pdf (4 pages, 206237 bytes).
PDF statistics:
 223 PDF objects out of 1000 (max. 8388607)
 135 compressed objects within 2 object streams
 0 named destinations out of 1000 (max. 500000)
 71 words of extra memory for PDF output out of 10000 (max. 10000000)

